0 info it worked if it ends with ok
1 verbose cli [ 'C:\\Program Files\\nodejs\\node.exe',
1 verbose cli   'C:\\Program Files\\nodejs\\node_modules\\npm\\bin\\npm-cli.js',
1 verbose cli   'publish' ]
2 info using npm@2.14.2
3 info using node@v4.0.0
4 verbose publish [ '.' ]
5 silly cache add args [ '.', null ]
6 verbose cache add spec .
7 silly cache add parsed spec Result {
7 silly cache add   raw: '.',
7 silly cache add   scope: null,
7 silly cache add   name: null,
7 silly cache add   rawSpec: '.',
7 silly cache add   spec: 'C:\\Projekti\\Razvoj\\isnotarray',
7 silly cache add   type: 'directory' }
8 verbose addLocalDirectory C:\Users\nejct\AppData\Roaming\npm-cache\isnotarray-js\1.0.0\package.tgz not in flight; packing
9 verbose tar pack [ 'C:\\Users\\nejct\\AppData\\Roaming\\npm-cache\\isnotarray-js\\1.0.0\\package.tgz',
9 verbose tar pack   'C:\\Projekti\\Razvoj\\isnotarray' ]
10 verbose tarball C:\Users\nejct\AppData\Roaming\npm-cache\isnotarray-js\1.0.0\package.tgz
11 verbose folder C:\Projekti\Razvoj\isnotarray
12 info prepublish isnotarray-js@1.0.0
13 verbose addLocalTarball adding from inside cache C:\Users\nejct\AppData\Roaming\npm-cache\isnotarray-js\1.0.0\package.tgz
14 silly cache afterAdd isnotarray-js@1.0.0
15 verbose afterAdd C:\Users\nejct\AppData\Roaming\npm-cache\isnotarray-js\1.0.0\package\package.json not in flight; writing
16 verbose afterAdd C:\Users\nejct\AppData\Roaming\npm-cache\isnotarray-js\1.0.0\package\package.json written
17 silly publish { name: 'isnotarray-js',
17 silly publish   version: '1.0.0',
17 silly publish   description: 'A handful tool to check if an argument is not an array built on top of a very famous library isarray.',
17 silly publish   main: 'index.js',
17 silly publish   repository:
17 silly publish    { type: 'git',
17 silly publish      url: 'git+https://github.com/zlatinejc/isnotarray.git' },
17 silly publish   scripts: { test: 'echo "Error: no test specified" && exit 1' },
17 silly publish   author: { name: 'zlatinejc' },
17 silly publish   license: 'MIT',
17 silly publish   dependencies: { isarray: 'latest' },
17 silly publish   readme: '# isnotarray\r\n\r\n`!Array#isArray` for older browsers.\r\n\r\n## Usage\r\n\r\n```js\r\nvar isNotArray = require(\'isnotarray\');\r\n\r\nconsole.log(isNotArray({})); // => true\r\nconsole.log(isNotArray([])); // => false\r\n\r\n```\r\n\r\n## Installation\r\n\r\nWith [npm](https://npmjs.org) do\r\n\r\n```bash\r\n$ npm install isnotarray\r\n```\r\n\r\nThen bundle for the browser with\r\n[browserify](https://github.com/substack/node-browserify).\r\n\r\n## License\r\n\r\n(MIT)\r\n\r\nCopyright (c) 2017 Nejc Trnjanin &lt;zlatinejc@gmail.com&gt;\r\n\r\nPermission is hereby granted, free of charge, to any person obtaining a copy of\r\nthis software and associated documentation files (the "Software"), to deal in\r\nthe Software without restriction, including without limitation the rights to\r\nuse, copy, modify, merge, publish, distribute, sublicense, and/or sell copies\r\nof the Software, and to permit persons to whom the Software is furnished to do\r\nso, subject to the following conditions:\r\n\r\nThe above copyright notice and this permission notice shall be included in all\r\ncopies or substantial portions of the Software.\r\n\r\nTHE SOFTWARE IS PROVIDED "AS IS", WITHOUT WARRANTY OF ANY KIND, EXPRESS OR\r\nIMPLIED, INCLUDING BUT NOT LIMITED TO THE WARRANTIES OF MERCHANTABILITY,\r\nFITNESS FOR A PARTICULAR PURPOSE AND NONINFRINGEMENT. IN NO EVENT SHALL THE\r\nAUTHORS OR COPYRIGHT HOLDERS BE LIABLE FOR ANY CLAIM, DAMAGES OR OTHER\r\nLIABILITY, WHETHER IN AN ACTION OF CONTRACT, TORT OR OTHERWISE, ARISING FROM,\r\nOUT OF OR IN CONNECTION WITH THE SOFTWARE OR THE USE OR OTHER DEALINGS IN THE\r\nSOFTWARE.',
17 silly publish   readmeFilename: 'README.md',
17 silly publish   gitHead: '3be1b7c9b6b3b551ce5ec0f5254af21b63fd941d',
17 silly publish   bugs: { url: 'https://github.com/zlatinejc/isnotarray/issues' },
17 silly publish   homepage: 'https://github.com/zlatinejc/isnotarray#readme',
17 silly publish   _id: 'isnotarray-js@1.0.0',
17 silly publish   _shasum: '51fb88e375464205757ab4e553c62747e186d0d3',
17 silly publish   _from: '.' }
18 verbose getPublishConfig undefined
19 silly mapToRegistry name isnotarray-js
20 silly mapToRegistry using default registry
21 silly mapToRegistry registry https://registry.npmjs.org/
22 silly mapToRegistry uri https://registry.npmjs.org/isnotarray-js
23 verbose publish registryBase https://registry.npmjs.org/
24 silly publish uploading C:\Users\nejct\AppData\Roaming\npm-cache\isnotarray-js\1.0.0\package.tgz
25 verbose request uri https://registry.npmjs.org/isnotarray-js
26 verbose request sending authorization for write operation
27 info attempt registry request try #1 at 09:02:37
28 verbose request using bearer token for auth
29 verbose request id 555f603616c71347
30 http request PUT https://registry.npmjs.org/isnotarray-js
31 http 403 https://registry.npmjs.org/isnotarray-js
32 verbose headers { 'content-type': 'application/json',
32 verbose headers   'cache-control': 'max-age=300',
32 verbose headers   'content-length': '95',
32 verbose headers   'accept-ranges': 'bytes',
32 verbose headers   date: 'Fri, 02 Jun 2017 07:02:39 GMT',
32 verbose headers   via: '1.1 varnish',
32 verbose headers   connection: 'keep-alive',
32 verbose headers   'x-served-by': 'cache-fra1246-FRA',
32 verbose headers   'x-cache': 'MISS',
32 verbose headers   'x-cache-hits': '0',
32 verbose headers   'x-timer': 'S1496386958.182778,VS0,VE1026',
32 verbose headers   vary: 'Accept-Encoding' }
33 verbose request invalidating C:\Users\nejct\AppData\Roaming\npm-cache\registry.npmjs.org\isnotarray-js on PUT
34 error publish Failed PUT 403
35 verbose stack Error: "You cannot publish over the previously published version 1.0.0." : isnotarray-js
35 verbose stack     at makeError (C:\Users\nejct\AppData\Roaming\nvm\v4.0.0\node_modules\npm\node_modules\npm-registry-client\lib\request.js:263:12)
35 verbose stack     at CachingRegistryClient.<anonymous> (C:\Users\nejct\AppData\Roaming\nvm\v4.0.0\node_modules\npm\node_modules\npm-registry-client\lib\request.js:251:14)
35 verbose stack     at Request._callback (C:\Users\nejct\AppData\Roaming\nvm\v4.0.0\node_modules\npm\node_modules\npm-registry-client\lib\request.js:171:14)
35 verbose stack     at Request.self.callback (C:\Users\nejct\AppData\Roaming\nvm\v4.0.0\node_modules\npm\node_modules\request\request.js:198:22)
35 verbose stack     at emitTwo (events.js:87:13)
35 verbose stack     at Request.emit (events.js:172:7)
35 verbose stack     at Request.<anonymous> (C:\Users\nejct\AppData\Roaming\nvm\v4.0.0\node_modules\npm\node_modules\request\request.js:1073:14)
35 verbose stack     at emitOne (events.js:82:20)
35 verbose stack     at Request.emit (events.js:169:7)
35 verbose stack     at IncomingMessage.<anonymous> (C:\Users\nejct\AppData\Roaming\nvm\v4.0.0\node_modules\npm\node_modules\request\request.js:1019:12)
36 verbose statusCode 403
37 verbose pkgid isnotarray-js
38 verbose cwd C:\Projekti\Razvoj\isnotarray
39 error Windows_NT 6.3.9600
40 error argv "C:\\Program Files\\nodejs\\node.exe" "C:\\Program Files\\nodejs\\node_modules\\npm\\bin\\npm-cli.js" "publish"
41 error node v4.0.0
42 error npm  v2.14.2
43 error code E403
44 error "You cannot publish over the previously published version 1.0.0." : isnotarray-js
45 error If you need help, you may report this error at:
45 error     <https://github.com/npm/npm/issues>
46 verbose exit [ 1, true ]
